<?xml version="1.0" encoding="UTF-8"?>
<!-- Generated by org.testng.reporters.JUnitXMLReporter -->
<testsuite ignored="0" hostname="DESKTOP-AUNOB26" failures="0" tests="4" name="Test" time="133.798" errors="0" timestamp="2022-07-17T18:56:34 IST">
  <testcase classname="TestCase.groutest" name="loginToApptest" time="4.239"/>
  <testcase classname="TestCase.groutest" name="verifykitelogotest" time="0.285"/>
  <testcase classname="TestCase.groutest" name="verifytitletest" time="0.074"/>
  <testcase classname="TestCase.groutest" name="verifyzeerodhalogotest" time="0.033"/>
</testsuite> <!-- Test -->
